<?xml version="1.0" encoding="UTF-8"?>
<TestRun id="7d570380-d53a-438d-97e5-65a410159c22" name="Niv@NIV-PC 2011-03-29 00:08:42" runUser="NIV-PC\Niv" xmlns="http://microsoft.com/schemas/VisualStudio/TeamTest/2010">
  <TestSettings name="Local" id="63723a02-38f4-439e-ac38-8218947bc97b">
    <Description>These are default test settings for a local test run.</Description>
    <Deployment enabled="false" runDeploymentRoot="Niv_NIV-PC 2011-03-29 00_08_42">
      <DeploymentItem filename="d:\my documents\visual studio 2010\Projects\ForumSever\ForumSever\bin\Debug\ForumSever.exe" />
    </Deployment>
    <Execution>
      <TestTypeSpecific />
      <AgentRule name="Execution Agents">
      </AgentRule>
    </Execution>
  </TestSettings>
  <Times creation="2011-03-29T00:08:42.3906250+02:00" queuing="2011-03-29T00:08:47.9375000+02:00" start="2011-03-29T00:08:48.0781250+02:00" finish="2011-03-29T00:09:21.6250000+02:00" />
  <ResultSummary outcome="Failed">
    <Counters total="1" executed="1" error="0" failed="1" timeout="0" aborted="0" inconclusive="0" passedButRunAborted="0" notRunnable="0" notExecuted="0" disconnected="0" warning="0" passed="0" completed="0" inProgress="0" pending="0" />
  </ResultSummary>
  <TestDefinitions>
    <UnitTest name="DataBaseTests" storage="d:\my documents\visual studio 2010\projects\forumsever\forumservertest\bin\debug\forumservertest.dll" id="05cc5ac8-6aea-a638-bc18-4a0c624e10b1">
      <Execution id="8c8e8321-04ce-42cf-a500-d805cac314e5" />
      <TestMethod codeBase="d:/my documents/visual studio 2010/Projects/ForumSever/ForumServerTest/bin/Debug/ForumServerTest.DLL" adapterTypeName="Microsoft.VisualStudio.TestTools.TestTypes.Unit.UnitTestAdapter, Microsoft.VisualStudio.QualityTools.Tips.UnitTest.Adapter, Version=10.0.0.0, Culture=neutral, PublicKeyToken=b03f5f7f11d50a3a" className="ForumServerTest.ForumServerTest, ForumServerTest, Version=1.0.0.0, Culture=neutral, PublicKeyToken=null" name="DataBaseTests" />
    </UnitTest>
  </TestDefinitions>
  <TestLists>
    <TestList name="Results Not in a List" id="8c84fa94-04c1-424b-9868-57a2d4851a1d" />
    <TestList name="All Loaded Results" id="19431567-8539-422a-85d7-44ee4e166bda" />
  </TestLists>
  <TestEntries>
    <TestEntry testId="05cc5ac8-6aea-a638-bc18-4a0c624e10b1" executionId="8c8e8321-04ce-42cf-a500-d805cac314e5" testListId="8c84fa94-04c1-424b-9868-57a2d4851a1d" />
  </TestEntries>
  <Results>
    <UnitTestResult executionId="8c8e8321-04ce-42cf-a500-d805cac314e5" testId="05cc5ac8-6aea-a638-bc18-4a0c624e10b1" testName="DataBaseTests" computerName="NIV-PC" duration="00:00:31.3743821" startTime="2011-03-29T00:08:48.1406250+02:00" endTime="2011-03-29T00:09:21.1406250+02:00" testType="13cdc9d9-ddb5-4fa4-a97d-d965ccfc6d4b" outcome="Failed" testListId="8c84fa94-04c1-424b-9868-57a2d4851a1d" relativeResultsDirectory="8c8e8321-04ce-42cf-a500-d805cac314e5">
      <Output>
        <ErrorInfo>
          <Message>Test method ForumServerTest.ForumServerTest.DataBaseTests threw exception: 
System.NullReferenceException: Object reference not set to an instance of an object.</Message>
          <StackTrace>    at ForumServerTest.ForumServerTest.TreadTests() in d:\my documents\visual studio 2010\Projects\ForumSever\ForumServerTest\ForumServerTest.cs:line 116
   at ForumServerTest.ForumServerTest.DataBaseTests() in d:\my documents\visual studio 2010\Projects\ForumSever\ForumServerTest\ForumServerTest.cs:line 51
</StackTrace>
        </ErrorInfo>
      </Output>
    </UnitTestResult>
  </Results>
</TestRun>